


ARM Macro Assembler    Page 1 


    1 00000000         
    2 00000000                 AREA             test, CODE, READONLY
    3 00000000         
    4 00000000                 export           asm_multiplication ; label must
                                                             be exported if it 
                                                            is to be used as a 
                                                            function in C
    5 00000000         asm_multiplication
    6 00000000         
    7 00000000 EE31 1A41       VSUB.F32         S2, S2, S2  ; result = 0
    8 00000004 ED90 0A00       VLDR.F32         S0, [R0]
    9 00000008         loop
   10 00000008 1E52            SUBS             R2, R2, #1  ; loop counter (N =
                                                             N-1)
   11 0000000A DB0D            BLT              done        ; loop has finished
                                                            ?
   12 0000000C EDD0 0A00       VLDR.F32         S1, [R0]    ; Matrix 1 index va
                                                            lue move to S1
   13 00000010 ED91 1A00       VLDR.F32         S2, [R1]    ; Matrix 2 index va
                                                            lue move to S2
   14 00000014 EE21 0A20       VMUL.F32         S0, S2, S1
   15 00000018 ED80 0A00       VSTR.F32         S0, [R0]    ;       multiply S0
                                                             and S1 
   16 0000001C F100 0004       ADD              R0, R0, #4  ; go to the address
                                                             of next index in f
                                                            irst array
   17 00000020 F101 0104       ADD              R1, R1, #4
   18 00000024 DCFF            BGT              continue    ; branch loop
   19 00000026         
   20 00000026         continue
   21 00000026 E7EF            B                loop        ; loop
   22 00000028         
   23 00000028         done
   24 00000028         
   25 00000028         
   26 00000028 4770            BX               LR          ; return
   27 0000002A         
   28 0000002A                 END
Command Line: --debug --xref --diag_suppress=9931 --cpu=Cortex-M4.fp --apcs=int
erwork --depend=.\objects\asm_multiplication.d -o.\objects\asm_multiplication.o
 -I.\RTE\_GXX_Lab1 -IC:\Keil_v5\ARM\PACK\ARM\CMSIS\5.5.1\CMSIS\Core\Include -IC
:\Keil_v5\ARM\PACK\ARM\CMSIS\5.5.1\CMSIS\DSP\Include -IC:\Keil_v5\ARM\PACK\ARM\
CMSIS\5.5.1\Device\ARM\ARMCM4\Include --predefine="__EVAL SETA 1" --predefine="
__UVISION_VERSION SETA 526" --predefine="_RTE_ SETA 1" --predefine="ARMCM4_FP S
ETA 1" --list=.\listings\asm_multiplication.lst asm\asm_multiplication.s



ARM Macro Assembler    Page 1 Alphabetic symbol ordering
Relocatable symbols

asm_multiplication 00000000

Symbol: asm_multiplication
   Definitions
      At line 5 in file asm\asm_multiplication.s
   Uses
      At line 4 in file asm\asm_multiplication.s
Comment: asm_multiplication used once
continue 00000026

Symbol: continue
   Definitions
      At line 20 in file asm\asm_multiplication.s
   Uses
      At line 18 in file asm\asm_multiplication.s
Comment: continue used once
done 00000028

Symbol: done
   Definitions
      At line 23 in file asm\asm_multiplication.s
   Uses
      At line 11 in file asm\asm_multiplication.s
Comment: done used once
loop 00000008

Symbol: loop
   Definitions
      At line 9 in file asm\asm_multiplication.s
   Uses
      At line 21 in file asm\asm_multiplication.s
Comment: loop used once
test 00000000

Symbol: test
   Definitions
      At line 2 in file asm\asm_multiplication.s
   Uses
      None
Comment: test unused
5 symbols
340 symbols in table
